\BOOKMARK [1][-]{section.1}{Introduction}{}% 1
\BOOKMARK [1][-]{section.2}{Sample and observations}{}% 2
\BOOKMARK [2][-]{subsection.2.1}{Targets and observations}{section.2}% 3
\BOOKMARK [2][-]{subsection.2.2}{The sample}{section.2}% 4
\BOOKMARK [2][-]{subsection.2.3}{Selection Effects}{section.2}% 5
\BOOKMARK [3][-]{subsubsection.2.3.1}{Absolute statistics}{subsection.2.3}% 6
\BOOKMARK [3][-]{subsubsection.2.3.2}{Brightness distributions}{subsection.2.3}% 7
\BOOKMARK [3][-]{subsubsection.2.3.3}{The Fraction of Dusty GRBs}{subsection.2.3}% 8
\BOOKMARK [2][-]{subsection.2.4}{A Stochastic Analysis}{section.2}% 9
\BOOKMARK [2][-]{subsection.2.5}{Misidentification of Hosts}{section.2}% 10
\BOOKMARK [1][-]{section.3}{X-shooter Optical/NIR Spectroscopy}{}% 11
\BOOKMARK [2][-]{subsection.3.1}{Data reduction}{section.3}% 12
\BOOKMARK [2][-]{subsection.3.2}{Wavelength calibration}{section.3}% 13
\BOOKMARK [2][-]{subsection.3.3}{Flux calibration}{section.3}% 14
\BOOKMARK [2][-]{subsection.3.4}{Flux limits and sensitivities}{section.3}% 15
\BOOKMARK [2][-]{subsection.3.5}{Auxiliary photometry}{section.3}% 16
\BOOKMARK [1][-]{section.4}{Analysis and results}{}% 17
\BOOKMARK [2][-]{subsection.4.1}{Line flux measurements}{section.4}% 18
\BOOKMARK [2][-]{subsection.4.2}{Emission-line widths}{section.4}% 19
\BOOKMARK [2][-]{subsection.4.3}{New GRB redshifts}{section.4}% 20
\BOOKMARK [2][-]{subsection.4.4}{Scaling relations for star-formation rates}{section.4}% 21
\BOOKMARK [1][-]{section.5}{Physical properties of the GRB host population}{}% 22
\BOOKMARK [2][-]{subsection.5.1}{GRB hosts in the BPT diagram}{section.5}% 23
\BOOKMARK [2][-]{subsection.5.2}{Ionization evolution}{section.5}% 24
\BOOKMARK [2][-]{subsection.5.3}{Dust properties - Distribution and redshift evolution of Galaxy AV}{section.5}% 25
\BOOKMARK [2][-]{subsection.5.4}{Star-formation rates}{section.5}% 26
\BOOKMARK [3][-]{subsubsection.5.4.1}{Redshift Evolution of Star-formation rates}{subsection.5.4}% 27
\BOOKMARK [3][-]{subsubsection.5.4.2}{Sparsity of high-SFR GRB hosts at z<1}{subsection.5.4}% 28
\BOOKMARK [2][-]{subsection.5.5}{Line broadening}{section.5}% 29
\BOOKMARK [2][-]{subsection.5.6}{Metallicity}{section.5}% 30
\BOOKMARK [3][-]{subsubsection.5.6.1}{Metallicity measurements from strong-line diagnostics}{subsection.5.6}% 31
\BOOKMARK [3][-]{subsubsection.5.6.2}{Sample properties}{subsection.5.6}% 32
\BOOKMARK [3][-]{subsubsection.5.6.3}{Evolution with redshift}{subsection.5.6}% 33
\BOOKMARK [3][-]{subsubsection.5.6.4}{Metallicity dependence of GRB hosts}{subsection.5.6}% 34
\BOOKMARK [3][-]{subsubsection.5.6.5}{Correlations of metallicity with other host properties}{subsection.5.6}% 35
\BOOKMARK [1][-]{section.6}{Summary}{}% 36
\BOOKMARK [1][-]{appendix.A}{Notes on individual targets}{}% 37
\BOOKMARK [2][-]{subsection.A.1}{GRB 111129A}{appendix.A}% 38
\BOOKMARK [2][-]{subsection.A.2}{GRB 120211A}{appendix.A}% 39
\BOOKMARK [2][-]{subsection.A.3}{GRB 120224A}{appendix.A}% 40
\BOOKMARK [2][-]{subsection.A.4}{GRB 120805A}{appendix.A}% 41
\BOOKMARK [2][-]{subsection.A.5}{GRB 121209A}{appendix.A}% 42
\BOOKMARK [2][-]{subsection.A.6}{GRB 140114A}{appendix.A}% 43
\BOOKMARK [1][-]{appendix.B}{Details on metallicity measurements and notable individual events}{}% 44
\BOOKMARK [2][-]{subsection.B.1}{GRB 070306}{appendix.B}% 45
\BOOKMARK [2][-]{subsection.B.2}{GRB 080207}{appendix.B}% 46
\BOOKMARK [2][-]{subsection.B.3}{GRB 091127}{appendix.B}% 47
\BOOKMARK [2][-]{subsection.B.4}{GRB 100621A}{appendix.B}% 48
\BOOKMARK [2][-]{subsection.B.5}{GRB 111209A}{appendix.B}% 49
\BOOKMARK [2][-]{subsection.B.6}{GRB 130427A}{appendix.B}% 50
